<?xml version="1.0" encoding="UTF-8"?>
<!-- Generated by org.testng.reporters.JUnitReportReporter -->
<testsuite hostname="LAPTOP-30OCF8HK" failures="0" tests="3" name="Phase2.AssisstedPractice.Projects.Seccond.DisabledTestDemo" time="0.018" errors="0" timestamp="2023-12-27T14:41:31 IST" skipped="2">
  <testcase classname="Phase2.AssisstedPractice.Projects.Seccond.DisabledTestDemo" name="testEnabled" time="0.018"/>
  <testcase classname="Phase2.AssisstedPractice.Projects.Seccond.DisabledTestDemo" name="testDisabled">
    <skipped/>
  </testcase> <!-- testDisabled -->
  <testcase classname="Phase2.AssisstedPractice.Projects.Seccond.DisabledTestDemo" name="anotherTestDisabled">
    <skipped/>
  </testcase> <!-- anotherTestDisabled -->
</testsuite> <!-- Phase2.AssisstedPractice.Projects.Seccond.DisabledTestDemo -->
